2020-09-03 17:53:15,872 INFO 18668 [Timer] D:\code\study\egg\node_modules\egg-multipart\app\schedule\clean_tmpdir.js next time will execute after 38204130ms at 2020-09-04 04:30:00.002
2020-09-03 17:53:15,873 INFO 18668 [Timer] D:\code\study\egg\node_modules\egg-logrotator\app\schedule\clean_log.js next time will execute after 22004128ms at 2020-09-04 00:00:00.001
2020-09-03 17:53:15,873 INFO 18668 [Timer] D:\code\study\egg\node_modules\egg-logrotator\app\schedule\rotate_by_file.js next time will execute after 22005127ms at 2020-09-04 00:00:01.000
2020-09-03 17:53:15,389 INFO 19552 [egg-schedule]: register schedule D:\code\study\egg\node_modules\egg-multipart\app\schedule\clean_tmpdir.js
2020-09-03 17:53:15,389 INFO 19552 [egg-schedule]: register schedule D:\code\study\egg\node_modules\egg-logrotator\app\schedule\clean_log.js
2020-09-03 17:53:15,389 INFO 19552 [egg-schedule]: register schedule D:\code\study\egg\node_modules\egg-logrotator\app\schedule\rotate_by_file.js
2020-09-03 17:55:10,229 INFO 13212 [egg-schedule]: register schedule D:\code\study\egg\node_modules\egg-multipart\app\schedule\clean_tmpdir.js
2020-09-03 17:55:10,230 INFO 13212 [egg-schedule]: register schedule D:\code\study\egg\node_modules\egg-logrotator\app\schedule\clean_log.js
2020-09-03 17:55:10,230 INFO 13212 [egg-schedule]: register schedule D:\code\study\egg\node_modules\egg-logrotator\app\schedule\rotate_by_file.js
2020-09-03 17:55:22,977 INFO 23776 [egg-schedule]: register schedule D:\code\study\egg\node_modules\egg-multipart\app\schedule\clean_tmpdir.js
2020-09-03 17:55:22,977 INFO 23776 [egg-schedule]: register schedule D:\code\study\egg\node_modules\egg-logrotator\app\schedule\clean_log.js
2020-09-03 17:55:22,977 INFO 23776 [egg-schedule]: register schedule D:\code\study\egg\node_modules\egg-logrotator\app\schedule\rotate_by_file.js
2020-09-03 17:55:23,173 INFO 20460 [Timer] D:\code\study\egg\node_modules\egg-multipart\app\schedule\clean_tmpdir.js next time will execute after 38076829ms at 2020-09-04 04:30:00.002
2020-09-03 17:55:23,173 INFO 20460 [Timer] D:\code\study\egg\node_modules\egg-logrotator\app\schedule\clean_log.js next time will execute after 21876827ms at 2020-09-04 00:00:00.000
2020-09-03 17:55:23,174 INFO 20460 [Timer] D:\code\study\egg\node_modules\egg-logrotator\app\schedule\rotate_by_file.js next time will execute after 21877827ms at 2020-09-04 00:00:01.001
2020-09-03 18:02:09,555 INFO 22664 [egg-schedule]: register schedule D:\code\study\egg\node_modules\egg-multipart\app\schedule\clean_tmpdir.js
2020-09-03 18:02:09,555 INFO 22664 [egg-schedule]: register schedule D:\code\study\egg\node_modules\egg-logrotator\app\schedule\clean_log.js
2020-09-03 18:02:09,555 INFO 22664 [egg-schedule]: register schedule D:\code\study\egg\node_modules\egg-logrotator\app\schedule\rotate_by_file.js
2020-09-03 18:03:00,019 INFO 13876 [egg-schedule]: register schedule D:\code\study\egg\node_modules\egg-multipart\app\schedule\clean_tmpdir.js
2020-09-03 18:03:00,019 INFO 13876 [egg-schedule]: register schedule D:\code\study\egg\node_modules\egg-logrotator\app\schedule\clean_log.js
2020-09-03 18:03:00,019 INFO 13876 [egg-schedule]: register schedule D:\code\study\egg\node_modules\egg-logrotator\app\schedule\rotate_by_file.js
2020-09-03 18:03:02,375 INFO 23936 [egg-schedule]: register schedule D:\code\study\egg\node_modules\egg-multipart\app\schedule\clean_tmpdir.js
2020-09-03 18:03:02,375 INFO 23936 [egg-schedule]: register schedule D:\code\study\egg\node_modules\egg-logrotator\app\schedule\clean_log.js
2020-09-03 18:03:02,375 INFO 23936 [egg-schedule]: register schedule D:\code\study\egg\node_modules\egg-logrotator\app\schedule\rotate_by_file.js
2020-09-03 18:04:29,977 INFO 24004 [egg-schedule]: register schedule D:\code\study\egg\node_modules\egg-multipart\app\schedule\clean_tmpdir.js
2020-09-03 18:04:29,977 INFO 24004 [egg-schedule]: register schedule D:\code\study\egg\node_modules\egg-logrotator\app\schedule\clean_log.js
2020-09-03 18:04:29,977 INFO 24004 [egg-schedule]: register schedule D:\code\study\egg\node_modules\egg-logrotator\app\schedule\rotate_by_file.js
2020-09-03 18:06:23,703 INFO 24160 [egg-schedule]: register schedule D:\code\study\egg\node_modules\egg-multipart\app\schedule\clean_tmpdir.js
2020-09-03 18:06:23,703 INFO 24160 [egg-schedule]: register schedule D:\code\study\egg\node_modules\egg-logrotator\app\schedule\clean_log.js
2020-09-03 18:06:23,703 INFO 24160 [egg-schedule]: register schedule D:\code\study\egg\node_modules\egg-logrotator\app\schedule\rotate_by_file.js
2020-09-03 18:07:14,025 INFO 23884 [egg-schedule]: register schedule D:\code\study\egg\node_modules\egg-multipart\app\schedule\clean_tmpdir.js
2020-09-03 18:07:14,025 INFO 23884 [egg-schedule]: register schedule D:\code\study\egg\node_modules\egg-logrotator\app\schedule\clean_log.js
2020-09-03 18:07:14,025 INFO 23884 [egg-schedule]: register schedule D:\code\study\egg\node_modules\egg-logrotator\app\schedule\rotate_by_file.js
2020-09-03 18:07:37,233 INFO 11356 [egg-schedule]: register schedule D:\code\study\egg\node_modules\egg-multipart\app\schedule\clean_tmpdir.js
2020-09-03 18:07:37,233 INFO 11356 [egg-schedule]: register schedule D:\code\study\egg\node_modules\egg-logrotator\app\schedule\clean_log.js
2020-09-03 18:07:37,233 INFO 11356 [egg-schedule]: register schedule D:\code\study\egg\node_modules\egg-logrotator\app\schedule\rotate_by_file.js
2020-09-03 18:07:39,623 INFO 24520 [egg-schedule]: register schedule D:\code\study\egg\node_modules\egg-multipart\app\schedule\clean_tmpdir.js
2020-09-03 18:07:39,623 INFO 24520 [egg-schedule]: register schedule D:\code\study\egg\node_modules\egg-logrotator\app\schedule\clean_log.js
2020-09-03 18:07:39,623 INFO 24520 [egg-schedule]: register schedule D:\code\study\egg\node_modules\egg-logrotator\app\schedule\rotate_by_file.js
2020-09-03 18:07:44,933 INFO 2424 [egg-schedule]: register schedule D:\code\study\egg\node_modules\egg-multipart\app\schedule\clean_tmpdir.js
2020-09-03 18:07:44,933 INFO 2424 [egg-schedule]: register schedule D:\code\study\egg\node_modules\egg-logrotator\app\schedule\clean_log.js
2020-09-03 18:07:44,933 INFO 2424 [egg-schedule]: register schedule D:\code\study\egg\node_modules\egg-logrotator\app\schedule\rotate_by_file.js
2020-09-03 18:08:06,943 INFO 22152 [egg-schedule]: register schedule D:\code\study\egg\node_modules\egg-multipart\app\schedule\clean_tmpdir.js
2020-09-03 18:08:06,943 INFO 22152 [egg-schedule]: register schedule D:\code\study\egg\node_modules\egg-logrotator\app\schedule\clean_log.js
2020-09-03 18:08:06,943 INFO 22152 [egg-schedule]: register schedule D:\code\study\egg\node_modules\egg-logrotator\app\schedule\rotate_by_file.js
2020-09-03 18:08:49,201 INFO 21680 [egg-schedule]: register schedule D:\code\study\egg\node_modules\egg-multipart\app\schedule\clean_tmpdir.js
2020-09-03 18:08:49,201 INFO 21680 [egg-schedule]: register schedule D:\code\study\egg\node_modules\egg-logrotator\app\schedule\clean_log.js
2020-09-03 18:08:49,201 INFO 21680 [egg-schedule]: register schedule D:\code\study\egg\node_modules\egg-logrotator\app\schedule\rotate_by_file.js
2020-09-03 18:09:25,500 INFO 13740 [egg-schedule]: register schedule D:\code\study\egg\node_modules\egg-multipart\app\schedule\clean_tmpdir.js
2020-09-03 18:09:25,500 INFO 13740 [egg-schedule]: register schedule D:\code\study\egg\node_modules\egg-logrotator\app\schedule\clean_log.js
2020-09-03 18:09:25,500 INFO 13740 [egg-schedule]: register schedule D:\code\study\egg\node_modules\egg-logrotator\app\schedule\rotate_by_file.js
2020-09-03 18:09:50,259 INFO 9068 [egg-schedule]: register schedule D:\code\study\egg\node_modules\egg-multipart\app\schedule\clean_tmpdir.js
2020-09-03 18:09:50,259 INFO 9068 [egg-schedule]: register schedule D:\code\study\egg\node_modules\egg-logrotator\app\schedule\clean_log.js
2020-09-03 18:09:50,259 INFO 9068 [egg-schedule]: register schedule D:\code\study\egg\node_modules\egg-logrotator\app\schedule\rotate_by_file.js
2020-09-03 18:09:54,749 INFO 8992 [egg-schedule]: register schedule D:\code\study\egg\node_modules\egg-multipart\app\schedule\clean_tmpdir.js
2020-09-03 18:09:54,749 INFO 8992 [egg-schedule]: register schedule D:\code\study\egg\node_modules\egg-logrotator\app\schedule\clean_log.js
2020-09-03 18:09:54,749 INFO 8992 [egg-schedule]: register schedule D:\code\study\egg\node_modules\egg-logrotator\app\schedule\rotate_by_file.js
2020-09-03 18:10:08,527 INFO 16376 [egg-schedule]: register schedule D:\code\study\egg\node_modules\egg-multipart\app\schedule\clean_tmpdir.js
2020-09-03 18:10:08,527 INFO 16376 [egg-schedule]: register schedule D:\code\study\egg\node_modules\egg-logrotator\app\schedule\clean_log.js
2020-09-03 18:10:08,527 INFO 16376 [egg-schedule]: register schedule D:\code\study\egg\node_modules\egg-logrotator\app\schedule\rotate_by_file.js
2020-09-03 18:11:00,224 INFO 23616 [egg-schedule]: register schedule D:\code\study\egg\node_modules\egg-multipart\app\schedule\clean_tmpdir.js
2020-09-03 18:11:00,224 INFO 23616 [egg-schedule]: register schedule D:\code\study\egg\node_modules\egg-logrotator\app\schedule\clean_log.js
2020-09-03 18:11:00,224 INFO 23616 [egg-schedule]: register schedule D:\code\study\egg\node_modules\egg-logrotator\app\schedule\rotate_by_file.js
2020-09-03 18:11:31,024 INFO 24408 [Timer] D:\code\study\egg\node_modules\egg-multipart\app\schedule\clean_tmpdir.js next time will execute after 37108979ms at 2020-09-04 04:30:00.003
2020-09-03 18:11:31,024 INFO 24408 [Timer] D:\code\study\egg\node_modules\egg-logrotator\app\schedule\clean_log.js next time will execute after 20908976ms at 2020-09-04 00:00:00.000
2020-09-03 18:11:31,024 INFO 24408 [Timer] D:\code\study\egg\node_modules\egg-logrotator\app\schedule\rotate_by_file.js next time will execute after 20909976ms at 2020-09-04 00:00:01.000
2020-09-03 18:11:30,812 INFO 23764 [egg-schedule]: register schedule D:\code\study\egg\node_modules\egg-multipart\app\schedule\clean_tmpdir.js
2020-09-03 18:11:30,812 INFO 23764 [egg-schedule]: register schedule D:\code\study\egg\node_modules\egg-logrotator\app\schedule\clean_log.js
2020-09-03 18:11:30,812 INFO 23764 [egg-schedule]: register schedule D:\code\study\egg\node_modules\egg-logrotator\app\schedule\rotate_by_file.js
2020-09-03 18:13:19,546 INFO 23260 [egg-schedule]: register schedule D:\code\study\egg\node_modules\egg-multipart\app\schedule\clean_tmpdir.js
2020-09-03 18:13:19,546 INFO 23260 [egg-schedule]: register schedule D:\code\study\egg\node_modules\egg-logrotator\app\schedule\clean_log.js
2020-09-03 18:13:19,546 INFO 23260 [egg-schedule]: register schedule D:\code\study\egg\node_modules\egg-logrotator\app\schedule\rotate_by_file.js
2020-09-03 18:13:56,158 INFO 19412 [egg-schedule]: register schedule D:\code\study\egg\node_modules\egg-multipart\app\schedule\clean_tmpdir.js
2020-09-03 18:13:56,158 INFO 19412 [egg-schedule]: register schedule D:\code\study\egg\node_modules\egg-logrotator\app\schedule\clean_log.js
2020-09-03 18:13:56,158 INFO 19412 [egg-schedule]: register schedule D:\code\study\egg\node_modules\egg-logrotator\app\schedule\rotate_by_file.js
2020-09-03 18:15:34,825 INFO 23204 [egg-schedule]: register schedule D:\code\study\egg\node_modules\egg-multipart\app\schedule\clean_tmpdir.js
2020-09-03 18:15:34,825 INFO 23204 [egg-schedule]: register schedule D:\code\study\egg\node_modules\egg-logrotator\app\schedule\clean_log.js
2020-09-03 18:15:34,825 INFO 23204 [egg-schedule]: register schedule D:\code\study\egg\node_modules\egg-logrotator\app\schedule\rotate_by_file.js
2020-09-03 18:15:52,132 INFO 24536 [egg-schedule]: register schedule D:\code\study\egg\node_modules\egg-multipart\app\schedule\clean_tmpdir.js
2020-09-03 18:15:52,132 INFO 24536 [egg-schedule]: register schedule D:\code\study\egg\node_modules\egg-logrotator\app\schedule\clean_log.js
2020-09-03 18:15:52,132 INFO 24536 [egg-schedule]: register schedule D:\code\study\egg\node_modules\egg-logrotator\app\schedule\rotate_by_file.js
2020-09-03 18:15:55,240 INFO 21880 [egg-schedule]: register schedule D:\code\study\egg\node_modules\egg-multipart\app\schedule\clean_tmpdir.js
2020-09-03 18:15:55,240 INFO 21880 [egg-schedule]: register schedule D:\code\study\egg\node_modules\egg-logrotator\app\schedule\clean_log.js
2020-09-03 18:15:55,240 INFO 21880 [egg-schedule]: register schedule D:\code\study\egg\node_modules\egg-logrotator\app\schedule\rotate_by_file.js
2020-09-03 18:19:04,199 INFO 23640 [egg-schedule]: register schedule D:\code\study\egg\node_modules\egg-multipart\app\schedule\clean_tmpdir.js
2020-09-03 18:19:04,199 INFO 23640 [egg-schedule]: register schedule D:\code\study\egg\node_modules\egg-logrotator\app\schedule\clean_log.js
2020-09-03 18:19:04,199 INFO 23640 [egg-schedule]: register schedule D:\code\study\egg\node_modules\egg-logrotator\app\schedule\rotate_by_file.js
2020-09-04 09:26:05,493 INFO 17312 [egg-schedule]: register schedule D:\code\study\egg\node_modules\egg-multipart\app\schedule\clean_tmpdir.js
2020-09-04 09:26:05,493 INFO 17312 [egg-schedule]: register schedule D:\code\study\egg\node_modules\egg-logrotator\app\schedule\clean_log.js
2020-09-04 09:26:05,493 INFO 17312 [egg-schedule]: register schedule D:\code\study\egg\node_modules\egg-logrotator\app\schedule\rotate_by_file.js
2020-09-04 09:26:06,486 INFO 17188 [Timer] D:\code\study\egg\node_modules\egg-multipart\app\schedule\clean_tmpdir.js next time will execute after 68633517ms at 2020-09-05 04:30:00.003
2020-09-04 09:26:06,487 INFO 17188 [Timer] D:\code\study\egg\node_modules\egg-logrotator\app\schedule\clean_log.js next time will execute after 52433513ms at 2020-09-05 00:00:00.000
2020-09-04 09:26:06,487 INFO 17188 [Timer] D:\code\study\egg\node_modules\egg-logrotator\app\schedule\rotate_by_file.js next time will execute after 52434513ms at 2020-09-05 00:00:01.000
2020-09-04 09:26:10,951 INFO 1948 [egg-schedule]: register schedule D:\code\study\egg\node_modules\egg-multipart\app\schedule\clean_tmpdir.js
2020-09-04 09:26:10,951 INFO 1948 [egg-schedule]: register schedule D:\code\study\egg\node_modules\egg-logrotator\app\schedule\clean_log.js
2020-09-04 09:26:10,951 INFO 1948 [egg-schedule]: register schedule D:\code\study\egg\node_modules\egg-logrotator\app\schedule\rotate_by_file.js
2020-09-04 09:27:46,093 INFO 4136 [Timer] D:\code\study\egg\node_modules\egg-multipart\app\schedule\clean_tmpdir.js next time will execute after 68533910ms at 2020-09-05 04:30:00.003
2020-09-04 09:27:46,093 INFO 4136 [Timer] D:\code\study\egg\node_modules\egg-logrotator\app\schedule\clean_log.js next time will execute after 52333907ms at 2020-09-05 00:00:00.000
2020-09-04 09:27:46,093 INFO 4136 [Timer] D:\code\study\egg\node_modules\egg-logrotator\app\schedule\rotate_by_file.js next time will execute after 52334907ms at 2020-09-05 00:00:01.000
2020-09-04 09:27:45,785 INFO 17328 [egg-schedule]: register schedule D:\code\study\egg\node_modules\egg-multipart\app\schedule\clean_tmpdir.js
2020-09-04 09:27:45,785 INFO 17328 [egg-schedule]: register schedule D:\code\study\egg\node_modules\egg-logrotator\app\schedule\clean_log.js
2020-09-04 09:27:45,785 INFO 17328 [egg-schedule]: register schedule D:\code\study\egg\node_modules\egg-logrotator\app\schedule\rotate_by_file.js
2020-09-04 09:31:47,088 INFO 5656 [egg-schedule]: register schedule D:\code\study\egg\node_modules\egg-multipart\app\schedule\clean_tmpdir.js
2020-09-04 09:31:47,088 INFO 5656 [egg-schedule]: register schedule D:\code\study\egg\node_modules\egg-logrotator\app\schedule\clean_log.js
2020-09-04 09:31:47,088 INFO 5656 [egg-schedule]: register schedule D:\code\study\egg\node_modules\egg-logrotator\app\schedule\rotate_by_file.js
2020-09-04 09:32:00,906 INFO 17240 [egg-schedule]: register schedule D:\code\study\egg\node_modules\egg-multipart\app\schedule\clean_tmpdir.js
2020-09-04 09:32:00,906 INFO 17240 [egg-schedule]: register schedule D:\code\study\egg\node_modules\egg-logrotator\app\schedule\clean_log.js
2020-09-04 09:32:00,907 INFO 17240 [egg-schedule]: register schedule D:\code\study\egg\node_modules\egg-logrotator\app\schedule\rotate_by_file.js
2020-09-04 09:32:04,402 INFO 16668 [egg-schedule]: register schedule D:\code\study\egg\node_modules\egg-multipart\app\schedule\clean_tmpdir.js
2020-09-04 09:32:04,402 INFO 16668 [egg-schedule]: register schedule D:\code\study\egg\node_modules\egg-logrotator\app\schedule\clean_log.js
2020-09-04 09:32:04,402 INFO 16668 [egg-schedule]: register schedule D:\code\study\egg\node_modules\egg-logrotator\app\schedule\rotate_by_file.js
2020-09-04 09:32:20,373 INFO 10656 [egg-schedule]: register schedule D:\code\study\egg\node_modules\egg-multipart\app\schedule\clean_tmpdir.js
2020-09-04 09:32:20,373 INFO 10656 [egg-schedule]: register schedule D:\code\study\egg\node_modules\egg-logrotator\app\schedule\clean_log.js
2020-09-04 09:32:20,373 INFO 10656 [egg-schedule]: register schedule D:\code\study\egg\node_modules\egg-logrotator\app\schedule\rotate_by_file.js
2020-09-04 09:32:49,459 INFO 16828 [egg-schedule]: register schedule D:\code\study\egg\node_modules\egg-multipart\app\schedule\clean_tmpdir.js
2020-09-04 09:32:49,459 INFO 16828 [egg-schedule]: register schedule D:\code\study\egg\node_modules\egg-logrotator\app\schedule\clean_log.js
2020-09-04 09:32:49,459 INFO 16828 [egg-schedule]: register schedule D:\code\study\egg\node_modules\egg-logrotator\app\schedule\rotate_by_file.js
2020-09-04 09:33:51,650 INFO 12968 [egg-schedule]: register schedule D:\code\study\egg\node_modules\egg-multipart\app\schedule\clean_tmpdir.js
2020-09-04 09:33:51,650 INFO 12968 [egg-schedule]: register schedule D:\code\study\egg\node_modules\egg-logrotator\app\schedule\clean_log.js
2020-09-04 09:33:51,650 INFO 12968 [egg-schedule]: register schedule D:\code\study\egg\node_modules\egg-logrotator\app\schedule\rotate_by_file.js
2020-09-04 09:38:01,183 INFO 1880 [egg-schedule]: register schedule D:\code\study\egg\node_modules\egg-multipart\app\schedule\clean_tmpdir.js
2020-09-04 09:38:01,183 INFO 1880 [egg-schedule]: register schedule D:\code\study\egg\node_modules\egg-logrotator\app\schedule\clean_log.js
2020-09-04 09:38:01,183 INFO 1880 [egg-schedule]: register schedule D:\code\study\egg\node_modules\egg-logrotator\app\schedule\rotate_by_file.js
2020-09-04 09:38:58,127 INFO 5776 [egg-schedule]: register schedule D:\code\study\egg\node_modules\egg-multipart\app\schedule\clean_tmpdir.js
2020-09-04 09:38:58,127 INFO 5776 [egg-schedule]: register schedule D:\code\study\egg\node_modules\egg-logrotator\app\schedule\clean_log.js
2020-09-04 09:38:58,127 INFO 5776 [egg-schedule]: register schedule D:\code\study\egg\node_modules\egg-logrotator\app\schedule\rotate_by_file.js
2020-09-04 09:39:32,564 INFO 17056 [egg-schedule]: register schedule D:\code\study\egg\node_modules\egg-multipart\app\schedule\clean_tmpdir.js
2020-09-04 09:39:32,564 INFO 17056 [egg-schedule]: register schedule D:\code\study\egg\node_modules\egg-logrotator\app\schedule\clean_log.js
2020-09-04 09:39:32,564 INFO 17056 [egg-schedule]: register schedule D:\code\study\egg\node_modules\egg-logrotator\app\schedule\rotate_by_file.js
2020-09-04 09:42:03,697 INFO 17956 [egg-schedule]: register schedule D:\code\study\egg\node_modules\egg-multipart\app\schedule\clean_tmpdir.js
2020-09-04 09:42:03,697 INFO 17956 [egg-schedule]: register schedule D:\code\study\egg\node_modules\egg-logrotator\app\schedule\clean_log.js
2020-09-04 09:42:03,697 INFO 17956 [egg-schedule]: register schedule D:\code\study\egg\node_modules\egg-logrotator\app\schedule\rotate_by_file.js
2020-09-04 09:42:14,318 INFO 18004 [egg-schedule]: register schedule D:\code\study\egg\node_modules\egg-multipart\app\schedule\clean_tmpdir.js
2020-09-04 09:42:14,318 INFO 18004 [egg-schedule]: register schedule D:\code\study\egg\node_modules\egg-logrotator\app\schedule\clean_log.js
2020-09-04 09:42:14,318 INFO 18004 [egg-schedule]: register schedule D:\code\study\egg\node_modules\egg-logrotator\app\schedule\rotate_by_file.js
2020-09-04 09:42:20,902 INFO 9616 [egg-schedule]: register schedule D:\code\study\egg\node_modules\egg-multipart\app\schedule\clean_tmpdir.js
2020-09-04 09:42:20,902 INFO 9616 [egg-schedule]: register schedule D:\code\study\egg\node_modules\egg-logrotator\app\schedule\clean_log.js
2020-09-04 09:42:20,902 INFO 9616 [egg-schedule]: register schedule D:\code\study\egg\node_modules\egg-logrotator\app\schedule\rotate_by_file.js
2020-09-04 09:43:11,104 INFO 16860 [egg-schedule]: register schedule D:\code\study\egg\node_modules\egg-multipart\app\schedule\clean_tmpdir.js
2020-09-04 09:43:11,104 INFO 16860 [egg-schedule]: register schedule D:\code\study\egg\node_modules\egg-logrotator\app\schedule\clean_log.js
2020-09-04 09:43:11,104 INFO 16860 [egg-schedule]: register schedule D:\code\study\egg\node_modules\egg-logrotator\app\schedule\rotate_by_file.js
2020-09-04 09:43:20,378 INFO 18136 [egg-schedule]: register schedule D:\code\study\egg\node_modules\egg-multipart\app\schedule\clean_tmpdir.js
2020-09-04 09:43:20,378 INFO 18136 [egg-schedule]: register schedule D:\code\study\egg\node_modules\egg-logrotator\app\schedule\clean_log.js
2020-09-04 09:43:20,378 INFO 18136 [egg-schedule]: register schedule D:\code\study\egg\node_modules\egg-logrotator\app\schedule\rotate_by_file.js
2020-09-04 09:45:48,053 INFO 13328 [egg-schedule]: register schedule D:\code\study\egg\node_modules\egg-multipart\app\schedule\clean_tmpdir.js
2020-09-04 09:45:48,053 INFO 13328 [egg-schedule]: register schedule D:\code\study\egg\node_modules\egg-logrotator\app\schedule\clean_log.js
2020-09-04 09:45:48,053 INFO 13328 [egg-schedule]: register schedule D:\code\study\egg\node_modules\egg-logrotator\app\schedule\rotate_by_file.js
2020-09-04 09:47:04,523 INFO 1716 [egg-schedule]: register schedule D:\code\study\egg\node_modules\egg-multipart\app\schedule\clean_tmpdir.js
2020-09-04 09:47:04,523 INFO 1716 [egg-schedule]: register schedule D:\code\study\egg\node_modules\egg-logrotator\app\schedule\clean_log.js
2020-09-04 09:47:04,524 INFO 1716 [egg-schedule]: register schedule D:\code\study\egg\node_modules\egg-logrotator\app\schedule\rotate_by_file.js
2020-09-04 09:47:16,671 INFO 17896 [egg-schedule]: register schedule D:\code\study\egg\node_modules\egg-multipart\app\schedule\clean_tmpdir.js
2020-09-04 09:47:16,671 INFO 17896 [egg-schedule]: register schedule D:\code\study\egg\node_modules\egg-logrotator\app\schedule\clean_log.js
2020-09-04 09:47:16,671 INFO 17896 [egg-schedule]: register schedule D:\code\study\egg\node_modules\egg-logrotator\app\schedule\rotate_by_file.js
2020-09-04 09:47:36,988 INFO 17208 [egg-schedule]: register schedule D:\code\study\egg\node_modules\egg-multipart\app\schedule\clean_tmpdir.js
2020-09-04 09:47:36,988 INFO 17208 [egg-schedule]: register schedule D:\code\study\egg\node_modules\egg-logrotator\app\schedule\clean_log.js
2020-09-04 09:47:36,988 INFO 17208 [egg-schedule]: register schedule D:\code\study\egg\node_modules\egg-logrotator\app\schedule\rotate_by_file.js
2020-09-04 09:49:55,053 INFO 11080 [egg-schedule]: register schedule D:\code\study\egg\node_modules\egg-multipart\app\schedule\clean_tmpdir.js
2020-09-04 09:49:55,053 INFO 11080 [egg-schedule]: register schedule D:\code\study\egg\node_modules\egg-logrotator\app\schedule\clean_log.js
2020-09-04 09:49:55,053 INFO 11080 [egg-schedule]: register schedule D:\code\study\egg\node_modules\egg-logrotator\app\schedule\rotate_by_file.js
2020-09-04 09:50:50,290 INFO 14076 [egg-schedule]: register schedule D:\code\study\egg\node_modules\egg-multipart\app\schedule\clean_tmpdir.js
2020-09-04 09:50:50,290 INFO 14076 [egg-schedule]: register schedule D:\code\study\egg\node_modules\egg-logrotator\app\schedule\clean_log.js
2020-09-04 09:50:50,290 INFO 14076 [egg-schedule]: register schedule D:\code\study\egg\node_modules\egg-logrotator\app\schedule\rotate_by_file.js
2020-09-04 09:51:48,246 INFO 14288 [egg-schedule]: register schedule D:\code\study\egg\node_modules\egg-multipart\app\schedule\clean_tmpdir.js
2020-09-04 09:51:48,246 INFO 14288 [egg-schedule]: register schedule D:\code\study\egg\node_modules\egg-logrotator\app\schedule\clean_log.js
2020-09-04 09:51:48,246 INFO 14288 [egg-schedule]: register schedule D:\code\study\egg\node_modules\egg-logrotator\app\schedule\rotate_by_file.js
2020-09-04 09:51:53,043 INFO 240 [egg-schedule]: register schedule D:\code\study\egg\node_modules\egg-multipart\app\schedule\clean_tmpdir.js
2020-09-04 09:51:53,043 INFO 240 [egg-schedule]: register schedule D:\code\study\egg\node_modules\egg-logrotator\app\schedule\clean_log.js
2020-09-04 09:51:53,043 INFO 240 [egg-schedule]: register schedule D:\code\study\egg\node_modules\egg-logrotator\app\schedule\rotate_by_file.js
2020-09-04 09:53:00,822 INFO 17536 [egg-schedule]: register schedule D:\code\study\egg\node_modules\egg-multipart\app\schedule\clean_tmpdir.js
2020-09-04 09:53:00,822 INFO 17536 [egg-schedule]: register schedule D:\code\study\egg\node_modules\egg-logrotator\app\schedule\clean_log.js
2020-09-04 09:53:00,822 INFO 17536 [egg-schedule]: register schedule D:\code\study\egg\node_modules\egg-logrotator\app\schedule\rotate_by_file.js
2020-09-04 09:53:33,905 INFO 17620 [egg-schedule]: register schedule D:\code\study\egg\node_modules\egg-multipart\app\schedule\clean_tmpdir.js
2020-09-04 09:53:33,905 INFO 17620 [egg-schedule]: register schedule D:\code\study\egg\node_modules\egg-logrotator\app\schedule\clean_log.js
2020-09-04 09:53:33,905 INFO 17620 [egg-schedule]: register schedule D:\code\study\egg\node_modules\egg-logrotator\app\schedule\rotate_by_file.js
2020-09-04 09:53:38,343 INFO 17492 [egg-schedule]: register schedule D:\code\study\egg\node_modules\egg-multipart\app\schedule\clean_tmpdir.js
2020-09-04 09:53:38,343 INFO 17492 [egg-schedule]: register schedule D:\code\study\egg\node_modules\egg-logrotator\app\schedule\clean_log.js
2020-09-04 09:53:38,343 INFO 17492 [egg-schedule]: register schedule D:\code\study\egg\node_modules\egg-logrotator\app\schedule\rotate_by_file.js
2020-09-04 09:56:41,882 INFO 1980 [egg-schedule]: register schedule D:\code\study\egg\node_modules\egg-multipart\app\schedule\clean_tmpdir.js
2020-09-04 09:56:41,882 INFO 1980 [egg-schedule]: register schedule D:\code\study\egg\node_modules\egg-logrotator\app\schedule\clean_log.js
2020-09-04 09:56:41,882 INFO 1980 [egg-schedule]: register schedule D:\code\study\egg\node_modules\egg-logrotator\app\schedule\rotate_by_file.js
2020-09-04 09:56:58,481 INFO 17296 [egg-schedule]: register schedule D:\code\study\egg\node_modules\egg-multipart\app\schedule\clean_tmpdir.js
2020-09-04 09:56:58,481 INFO 17296 [egg-schedule]: register schedule D:\code\study\egg\node_modules\egg-logrotator\app\schedule\clean_log.js
2020-09-04 09:56:58,481 INFO 17296 [egg-schedule]: register schedule D:\code\study\egg\node_modules\egg-logrotator\app\schedule\rotate_by_file.js
2020-09-04 09:57:03,569 INFO 10880 [egg-schedule]: register schedule D:\code\study\egg\node_modules\egg-multipart\app\schedule\clean_tmpdir.js
2020-09-04 09:57:03,569 INFO 10880 [egg-schedule]: register schedule D:\code\study\egg\node_modules\egg-logrotator\app\schedule\clean_log.js
2020-09-04 09:57:03,569 INFO 10880 [egg-schedule]: register schedule D:\code\study\egg\node_modules\egg-logrotator\app\schedule\rotate_by_file.js
2020-09-04 09:57:08,622 INFO 18008 [egg-schedule]: register schedule D:\code\study\egg\node_modules\egg-multipart\app\schedule\clean_tmpdir.js
2020-09-04 09:57:08,622 INFO 18008 [egg-schedule]: register schedule D:\code\study\egg\node_modules\egg-logrotator\app\schedule\clean_log.js
2020-09-04 09:57:08,622 INFO 18008 [egg-schedule]: register schedule D:\code\study\egg\node_modules\egg-logrotator\app\schedule\rotate_by_file.js
2020-09-04 09:57:21,893 INFO 11508 [egg-schedule]: register schedule D:\code\study\egg\node_modules\egg-multipart\app\schedule\clean_tmpdir.js
2020-09-04 09:57:21,893 INFO 11508 [egg-schedule]: register schedule D:\code\study\egg\node_modules\egg-logrotator\app\schedule\clean_log.js
2020-09-04 09:57:21,893 INFO 11508 [egg-schedule]: register schedule D:\code\study\egg\node_modules\egg-logrotator\app\schedule\rotate_by_file.js
2020-09-04 09:59:31,589 INFO 884 [egg-schedule]: register schedule D:\code\study\egg\node_modules\egg-multipart\app\schedule\clean_tmpdir.js
2020-09-04 09:59:31,589 INFO 884 [egg-schedule]: register schedule D:\code\study\egg\node_modules\egg-logrotator\app\schedule\clean_log.js
2020-09-04 09:59:31,589 INFO 884 [egg-schedule]: register schedule D:\code\study\egg\node_modules\egg-logrotator\app\schedule\rotate_by_file.js
2020-09-04 09:59:39,359 INFO 17140 [egg-schedule]: register schedule D:\code\study\egg\node_modules\egg-multipart\app\schedule\clean_tmpdir.js
2020-09-04 09:59:39,359 INFO 17140 [egg-schedule]: register schedule D:\code\study\egg\node_modules\egg-logrotator\app\schedule\clean_log.js
2020-09-04 09:59:39,359 INFO 17140 [egg-schedule]: register schedule D:\code\study\egg\node_modules\egg-logrotator\app\schedule\rotate_by_file.js
2020-09-04 09:59:59,661 INFO 16716 [egg-schedule]: register schedule D:\code\study\egg\node_modules\egg-multipart\app\schedule\clean_tmpdir.js
2020-09-04 09:59:59,661 INFO 16716 [egg-schedule]: register schedule D:\code\study\egg\node_modules\egg-logrotator\app\schedule\clean_log.js
2020-09-04 09:59:59,661 INFO 16716 [egg-schedule]: register schedule D:\code\study\egg\node_modules\egg-logrotator\app\schedule\rotate_by_file.js
2020-09-04 10:00:24,201 INFO 6480 [egg-schedule]: register schedule D:\code\study\egg\node_modules\egg-multipart\app\schedule\clean_tmpdir.js
2020-09-04 10:00:24,201 INFO 6480 [egg-schedule]: register schedule D:\code\study\egg\node_modules\egg-logrotator\app\schedule\clean_log.js
2020-09-04 10:00:24,201 INFO 6480 [egg-schedule]: register schedule D:\code\study\egg\node_modules\egg-logrotator\app\schedule\rotate_by_file.js
2020-09-04 10:00:27,946 INFO 188 [egg-schedule]: register schedule D:\code\study\egg\node_modules\egg-multipart\app\schedule\clean_tmpdir.js
2020-09-04 10:00:27,946 INFO 188 [egg-schedule]: register schedule D:\code\study\egg\node_modules\egg-logrotator\app\schedule\clean_log.js
2020-09-04 10:00:27,946 INFO 188 [egg-schedule]: register schedule D:\code\study\egg\node_modules\egg-logrotator\app\schedule\rotate_by_file.js
2020-09-04 10:02:00,817 INFO 4180 [egg-schedule]: register schedule D:\code\study\egg\node_modules\egg-multipart\app\schedule\clean_tmpdir.js
2020-09-04 10:02:00,817 INFO 4180 [egg-schedule]: register schedule D:\code\study\egg\node_modules\egg-logrotator\app\schedule\clean_log.js
2020-09-04 10:02:00,817 INFO 4180 [egg-schedule]: register schedule D:\code\study\egg\node_modules\egg-logrotator\app\schedule\rotate_by_file.js
2020-09-04 10:02:53,371 INFO 17204 [egg-schedule]: register schedule D:\code\study\egg\node_modules\egg-multipart\app\schedule\clean_tmpdir.js
2020-09-04 10:02:53,371 INFO 17204 [egg-schedule]: register schedule D:\code\study\egg\node_modules\egg-logrotator\app\schedule\clean_log.js
2020-09-04 10:02:53,371 INFO 17204 [egg-schedule]: register schedule D:\code\study\egg\node_modules\egg-logrotator\app\schedule\rotate_by_file.js
2020-09-04 10:03:09,619 INFO 18116 [Timer] D:\code\study\egg\node_modules\egg-multipart\app\schedule\clean_tmpdir.js next time will execute after 66410384ms at 2020-09-05 04:30:00.003
2020-09-04 10:03:09,619 INFO 18116 [Timer] D:\code\study\egg\node_modules\egg-logrotator\app\schedule\clean_log.js next time will execute after 50210381ms at 2020-09-05 00:00:00.000
2020-09-04 10:03:09,620 INFO 18116 [Timer] D:\code\study\egg\node_modules\egg-logrotator\app\schedule\rotate_by_file.js next time will execute after 50211381ms at 2020-09-05 00:00:01.001
2020-09-04 10:03:09,312 INFO 18264 [egg-schedule]: register schedule D:\code\study\egg\node_modules\egg-multipart\app\schedule\clean_tmpdir.js
2020-09-04 10:03:09,312 INFO 18264 [egg-schedule]: register schedule D:\code\study\egg\node_modules\egg-logrotator\app\schedule\clean_log.js
2020-09-04 10:03:09,312 INFO 18264 [egg-schedule]: register schedule D:\code\study\egg\node_modules\egg-logrotator\app\schedule\rotate_by_file.js
2020-09-04 10:04:27,478 INFO 17420 [Timer] D:\code\study\egg\node_modules\egg-multipart\app\schedule\clean_tmpdir.js next time will execute after 66332525ms at 2020-09-05 04:30:00.003
2020-09-04 10:04:27,479 INFO 17420 [Timer] D:\code\study\egg\node_modules\egg-logrotator\app\schedule\clean_log.js next time will execute after 50132521ms at 2020-09-05 00:00:00.000
2020-09-04 10:04:27,479 INFO 17420 [Timer] D:\code\study\egg\node_modules\egg-logrotator\app\schedule\rotate_by_file.js next time will execute after 50133521ms at 2020-09-05 00:00:01.000
2020-09-04 10:04:27,078 INFO 7968 [egg-schedule]: register schedule D:\code\study\egg\node_modules\egg-multipart\app\schedule\clean_tmpdir.js
2020-09-04 10:04:27,078 INFO 7968 [egg-schedule]: register schedule D:\code\study\egg\node_modules\egg-logrotator\app\schedule\clean_log.js
2020-09-04 10:04:27,078 INFO 7968 [egg-schedule]: register schedule D:\code\study\egg\node_modules\egg-logrotator\app\schedule\rotate_by_file.js
2020-09-04 10:05:17,295 INFO 4352 [Timer] D:\code\study\egg\node_modules\egg-multipart\app\schedule\clean_tmpdir.js next time will execute after 66282708ms at 2020-09-05 04:30:00.003
2020-09-04 10:05:17,296 INFO 4352 [Timer] D:\code\study\egg\node_modules\egg-logrotator\app\schedule\clean_log.js next time will execute after 50082705ms at 2020-09-05 00:00:00.001
2020-09-04 10:05:17,296 INFO 4352 [Timer] D:\code\study\egg\node_modules\egg-logrotator\app\schedule\rotate_by_file.js next time will execute after 50083704ms at 2020-09-05 00:00:01.000
2020-09-04 10:05:16,953 INFO 8196 [egg-schedule]: register schedule D:\code\study\egg\node_modules\egg-multipart\app\schedule\clean_tmpdir.js
2020-09-04 10:05:16,953 INFO 8196 [egg-schedule]: register schedule D:\code\study\egg\node_modules\egg-logrotator\app\schedule\clean_log.js
2020-09-04 10:05:16,953 INFO 8196 [egg-schedule]: register schedule D:\code\study\egg\node_modules\egg-logrotator\app\schedule\rotate_by_file.js
2020-09-04 10:06:09,466 INFO 5140 [egg-schedule]: register schedule D:\code\study\egg\node_modules\egg-multipart\app\schedule\clean_tmpdir.js
2020-09-04 10:06:09,466 INFO 5140 [egg-schedule]: register schedule D:\code\study\egg\node_modules\egg-logrotator\app\schedule\clean_log.js
2020-09-04 10:06:09,466 INFO 5140 [egg-schedule]: register schedule D:\code\study\egg\node_modules\egg-logrotator\app\schedule\rotate_by_file.js
2020-09-04 10:06:44,015 INFO 17212 [egg-schedule]: register schedule D:\code\study\egg\node_modules\egg-multipart\app\schedule\clean_tmpdir.js
2020-09-04 10:06:44,015 INFO 17212 [egg-schedule]: register schedule D:\code\study\egg\node_modules\egg-logrotator\app\schedule\clean_log.js
2020-09-04 10:06:44,016 INFO 17212 [egg-schedule]: register schedule D:\code\study\egg\node_modules\egg-logrotator\app\schedule\rotate_by_file.js
2020-09-04 10:06:44,624 INFO 12400 [Timer] D:\code\study\egg\node_modules\egg-multipart\app\schedule\clean_tmpdir.js next time will execute after 66195379ms at 2020-09-05 04:30:00.003
2020-09-04 10:06:44,624 INFO 12400 [Timer] D:\code\study\egg\node_modules\egg-logrotator\app\schedule\clean_log.js next time will execute after 49995376ms at 2020-09-05 00:00:00.000
2020-09-04 10:06:44,625 INFO 12400 [Timer] D:\code\study\egg\node_modules\egg-logrotator\app\schedule\rotate_by_file.js next time will execute after 49996376ms at 2020-09-05 00:00:01.001
2020-09-04 10:08:53,964 INFO 4464 [Timer] D:\code\study\egg\node_modules\egg-multipart\app\schedule\clean_tmpdir.js next time will execute after 66066039ms at 2020-09-05 04:30:00.003
2020-09-04 10:08:53,964 INFO 4464 [Timer] D:\code\study\egg\node_modules\egg-logrotator\app\schedule\clean_log.js next time will execute after 49866036ms at 2020-09-05 00:00:00.000
2020-09-04 10:08:53,965 INFO 4464 [Timer] D:\code\study\egg\node_modules\egg-logrotator\app\schedule\rotate_by_file.js next time will execute after 49867036ms at 2020-09-05 00:00:01.001
2020-09-04 10:08:53,604 INFO 17252 [egg-schedule]: register schedule D:\code\study\egg\node_modules\egg-multipart\app\schedule\clean_tmpdir.js
2020-09-04 10:08:53,604 INFO 17252 [egg-schedule]: register schedule D:\code\study\egg\node_modules\egg-logrotator\app\schedule\clean_log.js
2020-09-04 10:08:53,604 INFO 17252 [egg-schedule]: register schedule D:\code\study\egg\node_modules\egg-logrotator\app\schedule\rotate_by_file.js
2020-09-04 10:10:10,792 INFO 11508 [Timer] D:\code\study\egg\node_modules\egg-multipart\app\schedule\clean_tmpdir.js next time will execute after 65989212ms at 2020-09-05 04:30:00.003
2020-09-04 10:10:10,792 INFO 11508 [Timer] D:\code\study\egg\node_modules\egg-logrotator\app\schedule\clean_log.js next time will execute after 49789208ms at 2020-09-05 00:00:00.000
2020-09-04 10:10:10,793 INFO 11508 [Timer] D:\code\study\egg\node_modules\egg-logrotator\app\schedule\rotate_by_file.js next time will execute after 49790208ms at 2020-09-05 00:00:01.001
2020-09-04 10:10:10,444 INFO 7052 [egg-schedule]: register schedule D:\code\study\egg\node_modules\egg-multipart\app\schedule\clean_tmpdir.js
2020-09-04 10:10:10,444 INFO 7052 [egg-schedule]: register schedule D:\code\study\egg\node_modules\egg-logrotator\app\schedule\clean_log.js
2020-09-04 10:10:10,444 INFO 7052 [egg-schedule]: register schedule D:\code\study\egg\node_modules\egg-logrotator\app\schedule\rotate_by_file.js
2020-09-04 10:15:29,065 INFO 2336 [egg-schedule]: register schedule D:\code\study\egg\node_modules\egg-multipart\app\schedule\clean_tmpdir.js
2020-09-04 10:15:29,065 INFO 2336 [egg-schedule]: register schedule D:\code\study\egg\node_modules\egg-logrotator\app\schedule\clean_log.js
2020-09-04 10:15:29,065 INFO 2336 [egg-schedule]: register schedule D:\code\study\egg\node_modules\egg-logrotator\app\schedule\rotate_by_file.js
2020-09-04 10:15:33,228 INFO 18652 [egg-schedule]: register schedule D:\code\study\egg\node_modules\egg-multipart\app\schedule\clean_tmpdir.js
2020-09-04 10:15:33,228 INFO 18652 [egg-schedule]: register schedule D:\code\study\egg\node_modules\egg-logrotator\app\schedule\clean_log.js
2020-09-04 10:15:33,228 INFO 18652 [egg-schedule]: register schedule D:\code\study\egg\node_modules\egg-logrotator\app\schedule\rotate_by_file.js
2020-09-04 10:15:47,333 INFO 17676 [egg-schedule]: register schedule D:\code\study\egg\node_modules\egg-multipart\app\schedule\clean_tmpdir.js
2020-09-04 10:15:47,333 INFO 17676 [egg-schedule]: register schedule D:\code\study\egg\node_modules\egg-logrotator\app\schedule\clean_log.js
2020-09-04 10:15:47,333 INFO 17676 [egg-schedule]: register schedule D:\code\study\egg\node_modules\egg-logrotator\app\schedule\rotate_by_file.js
2020-09-04 10:15:52,274 INFO 19268 [egg-schedule]: register schedule D:\code\study\egg\node_modules\egg-multipart\app\schedule\clean_tmpdir.js
2020-09-04 10:15:52,274 INFO 19268 [egg-schedule]: register schedule D:\code\study\egg\node_modules\egg-logrotator\app\schedule\clean_log.js
2020-09-04 10:15:52,274 INFO 19268 [egg-schedule]: register schedule D:\code\study\egg\node_modules\egg-logrotator\app\schedule\rotate_by_file.js
2020-09-04 10:16:11,096 INFO 18760 [egg-schedule]: register schedule D:\code\study\egg\node_modules\egg-multipart\app\schedule\clean_tmpdir.js
2020-09-04 10:16:11,096 INFO 18760 [egg-schedule]: register schedule D:\code\study\egg\node_modules\egg-logrotator\app\schedule\clean_log.js
2020-09-04 10:16:11,096 INFO 18760 [egg-schedule]: register schedule D:\code\study\egg\node_modules\egg-logrotator\app\schedule\rotate_by_file.js
2020-09-04 10:16:28,985 INFO 18672 [Timer] D:\code\study\egg\node_modules\egg-multipart\app\schedule\clean_tmpdir.js next time will execute after 65611018ms at 2020-09-05 04:30:00.003
2020-09-04 10:16:28,985 INFO 18672 [Timer] D:\code\study\egg\node_modules\egg-logrotator\app\schedule\clean_log.js next time will execute after 49411015ms at 2020-09-05 00:00:00.000
2020-09-04 10:16:28,985 INFO 18672 [Timer] D:\code\study\egg\node_modules\egg-logrotator\app\schedule\rotate_by_file.js next time will execute after 49412015ms at 2020-09-05 00:00:01.000
2020-09-04 10:16:28,695 INFO 14116 [egg-schedule]: register schedule D:\code\study\egg\node_modules\egg-multipart\app\schedule\clean_tmpdir.js
2020-09-04 10:16:28,695 INFO 14116 [egg-schedule]: register schedule D:\code\study\egg\node_modules\egg-logrotator\app\schedule\clean_log.js
2020-09-04 10:16:28,695 INFO 14116 [egg-schedule]: register schedule D:\code\study\egg\node_modules\egg-logrotator\app\schedule\rotate_by_file.js
2020-09-04 10:18:32,585 INFO 19284 [egg-schedule]: register schedule D:\code\study\egg\node_modules\egg-multipart\app\schedule\clean_tmpdir.js
2020-09-04 10:18:32,585 INFO 19284 [egg-schedule]: register schedule D:\code\study\egg\node_modules\egg-logrotator\app\schedule\clean_log.js
2020-09-04 10:18:32,585 INFO 19284 [egg-schedule]: register schedule D:\code\study\egg\node_modules\egg-logrotator\app\schedule\rotate_by_file.js
2020-09-04 10:22:54,210 INFO 19068 [egg-schedule]: register schedule D:\code\study\egg\node_modules\egg-multipart\app\schedule\clean_tmpdir.js
2020-09-04 10:22:54,210 INFO 19068 [egg-schedule]: register schedule D:\code\study\egg\node_modules\egg-logrotator\app\schedule\clean_log.js
2020-09-04 10:22:54,210 INFO 19068 [egg-schedule]: register schedule D:\code\study\egg\node_modules\egg-logrotator\app\schedule\rotate_by_file.js
2020-09-04 10:22:57,935 INFO 18636 [egg-schedule]: register schedule D:\code\study\egg\node_modules\egg-multipart\app\schedule\clean_tmpdir.js
2020-09-04 10:22:57,935 INFO 18636 [egg-schedule]: register schedule D:\code\study\egg\node_modules\egg-logrotator\app\schedule\clean_log.js
2020-09-04 10:22:57,935 INFO 18636 [egg-schedule]: register schedule D:\code\study\egg\node_modules\egg-logrotator\app\schedule\rotate_by_file.js
2020-09-04 10:33:12,729 INFO 20172 [egg-schedule]: register schedule D:\code\study\egg\node_modules\egg-multipart\app\schedule\clean_tmpdir.js
2020-09-04 10:33:12,729 INFO 20172 [egg-schedule]: register schedule D:\code\study\egg\node_modules\egg-logrotator\app\schedule\clean_log.js
2020-09-04 10:33:12,729 INFO 20172 [egg-schedule]: register schedule D:\code\study\egg\node_modules\egg-logrotator\app\schedule\rotate_by_file.js
2020-09-04 10:33:17,837 INFO 2492 [egg-schedule]: register schedule D:\code\study\egg\node_modules\egg-multipart\app\schedule\clean_tmpdir.js
2020-09-04 10:33:17,837 INFO 2492 [egg-schedule]: register schedule D:\code\study\egg\node_modules\egg-logrotator\app\schedule\clean_log.js
2020-09-04 10:33:17,837 INFO 2492 [egg-schedule]: register schedule D:\code\study\egg\node_modules\egg-logrotator\app\schedule\rotate_by_file.js
2020-09-04 10:33:35,929 INFO 19848 [egg-schedule]: register schedule D:\code\study\egg\node_modules\egg-multipart\app\schedule\clean_tmpdir.js
2020-09-04 10:33:35,929 INFO 19848 [egg-schedule]: register schedule D:\code\study\egg\node_modules\egg-logrotator\app\schedule\clean_log.js
2020-09-04 10:33:35,929 INFO 19848 [egg-schedule]: register schedule D:\code\study\egg\node_modules\egg-logrotator\app\schedule\rotate_by_file.js
2020-09-04 10:43:50,974 INFO 20292 [Timer] D:\code\study\egg\node_modules\egg-multipart\app\schedule\clean_tmpdir.js next time will execute after 63969029ms at 2020-09-05 04:30:00.003
2020-09-04 10:43:50,975 INFO 20292 [Timer] D:\code\study\egg\node_modules\egg-logrotator\app\schedule\clean_log.js next time will execute after 47769025ms at 2020-09-05 00:00:00.000
2020-09-04 10:43:50,975 INFO 20292 [Timer] D:\code\study\egg\node_modules\egg-logrotator\app\schedule\rotate_by_file.js next time will execute after 47770025ms at 2020-09-05 00:00:01.000
2020-09-04 10:43:50,507 INFO 3568 [egg-schedule]: register schedule D:\code\study\egg\node_modules\egg-multipart\app\schedule\clean_tmpdir.js
2020-09-04 10:43:50,507 INFO 3568 [egg-schedule]: register schedule D:\code\study\egg\node_modules\egg-logrotator\app\schedule\clean_log.js
2020-09-04 10:43:50,507 INFO 3568 [egg-schedule]: register schedule D:\code\study\egg\node_modules\egg-logrotator\app\schedule\rotate_by_file.js
2020-09-04 11:26:06,969 INFO 20908 [egg-schedule]: register schedule D:\code\study\egg\node_modules\egg-multipart\app\schedule\clean_tmpdir.js
2020-09-04 11:26:06,969 INFO 20908 [egg-schedule]: register schedule D:\code\study\egg\node_modules\egg-logrotator\app\schedule\clean_log.js
2020-09-04 11:26:06,969 INFO 20908 [egg-schedule]: register schedule D:\code\study\egg\node_modules\egg-logrotator\app\schedule\rotate_by_file.js
2020-09-04 11:26:13,364 INFO 21996 [egg-schedule]: register schedule D:\code\study\egg\node_modules\egg-multipart\app\schedule\clean_tmpdir.js
2020-09-04 11:26:13,364 INFO 21996 [egg-schedule]: register schedule D:\code\study\egg\node_modules\egg-logrotator\app\schedule\clean_log.js
2020-09-04 11:26:13,364 INFO 21996 [egg-schedule]: register schedule D:\code\study\egg\node_modules\egg-logrotator\app\schedule\rotate_by_file.js
2020-09-04 11:26:17,357 INFO 19416 [egg-schedule]: register schedule D:\code\study\egg\node_modules\egg-multipart\app\schedule\clean_tmpdir.js
2020-09-04 11:26:17,357 INFO 19416 [egg-schedule]: register schedule D:\code\study\egg\node_modules\egg-logrotator\app\schedule\clean_log.js
2020-09-04 11:26:17,357 INFO 19416 [egg-schedule]: register schedule D:\code\study\egg\node_modules\egg-logrotator\app\schedule\rotate_by_file.js
2020-09-04 11:26:33,721 INFO 21936 [egg-schedule]: register schedule D:\code\study\egg\node_modules\egg-multipart\app\schedule\clean_tmpdir.js
2020-09-04 11:26:33,721 INFO 21936 [egg-schedule]: register schedule D:\code\study\egg\node_modules\egg-logrotator\app\schedule\clean_log.js
2020-09-04 11:26:33,721 INFO 21936 [egg-schedule]: register schedule D:\code\study\egg\node_modules\egg-logrotator\app\schedule\rotate_by_file.js
2020-09-04 11:29:40,681 INFO 22272 [egg-schedule]: register schedule D:\code\study\egg\node_modules\egg-multipart\app\schedule\clean_tmpdir.js
2020-09-04 11:29:40,681 INFO 22272 [egg-schedule]: register schedule D:\code\study\egg\node_modules\egg-logrotator\app\schedule\clean_log.js
2020-09-04 11:29:40,681 INFO 22272 [egg-schedule]: register schedule D:\code\study\egg\node_modules\egg-logrotator\app\schedule\rotate_by_file.js
2020-09-04 11:31:08,391 INFO 21320 [Timer] D:\code\study\egg\node_modules\egg-multipart\app\schedule\clean_tmpdir.js next time will execute after 61131612ms at 2020-09-05 04:30:00.003
2020-09-04 11:31:08,391 INFO 21320 [Timer] D:\code\study\egg\node_modules\egg-logrotator\app\schedule\clean_log.js next time will execute after 44931609ms at 2020-09-05 00:00:00.000
2020-09-04 11:31:08,392 INFO 21320 [Timer] D:\code\study\egg\node_modules\egg-logrotator\app\schedule\rotate_by_file.js next time will execute after 44932608ms at 2020-09-05 00:00:01.000
2020-09-04 11:31:08,044 INFO 19000 [egg-schedule]: register schedule D:\code\study\egg\node_modules\egg-multipart\app\schedule\clean_tmpdir.js
2020-09-04 11:31:08,044 INFO 19000 [egg-schedule]: register schedule D:\code\study\egg\node_modules\egg-logrotator\app\schedule\clean_log.js
2020-09-04 11:31:08,044 INFO 19000 [egg-schedule]: register schedule D:\code\study\egg\node_modules\egg-logrotator\app\schedule\rotate_by_file.js
2020-09-04 11:34:11,821 INFO 22004 [egg-schedule]: register schedule D:\code\study\egg\node_modules\egg-multipart\app\schedule\clean_tmpdir.js
2020-09-04 11:34:11,821 INFO 22004 [egg-schedule]: register schedule D:\code\study\egg\node_modules\egg-logrotator\app\schedule\clean_log.js
2020-09-04 11:34:11,821 INFO 22004 [egg-schedule]: register schedule D:\code\study\egg\node_modules\egg-logrotator\app\schedule\rotate_by_file.js
2020-09-04 11:34:12,254 INFO 13460 [Timer] D:\code\study\egg\node_modules\egg-multipart\app\schedule\clean_tmpdir.js next time will execute after 60947749ms at 2020-09-05 04:30:00.003
2020-09-04 11:34:12,254 INFO 13460 [Timer] D:\code\study\egg\node_modules\egg-logrotator\app\schedule\clean_log.js next time will execute after 44747746ms at 2020-09-05 00:00:00.000
2020-09-04 11:34:12,254 INFO 13460 [Timer] D:\code\study\egg\node_modules\egg-logrotator\app\schedule\rotate_by_file.js next time will execute after 44748746ms at 2020-09-05 00:00:01.000
2020-09-04 11:34:15,572 INFO 20428 [egg-schedule]: register schedule D:\code\study\egg\node_modules\egg-multipart\app\schedule\clean_tmpdir.js
2020-09-04 11:34:15,572 INFO 20428 [egg-schedule]: register schedule D:\code\study\egg\node_modules\egg-logrotator\app\schedule\clean_log.js
2020-09-04 11:34:15,572 INFO 20428 [egg-schedule]: register schedule D:\code\study\egg\node_modules\egg-logrotator\app\schedule\rotate_by_file.js
2020-09-04 11:35:20,094 INFO 4060 [Timer] D:\code\study\egg\node_modules\egg-multipart\app\schedule\clean_tmpdir.js next time will execute after 60879909ms at 2020-09-05 04:30:00.003
2020-09-04 11:35:20,094 INFO 4060 [Timer] D:\code\study\egg\node_modules\egg-logrotator\app\schedule\clean_log.js next time will execute after 44679906ms at 2020-09-05 00:00:00.000
2020-09-04 11:35:20,095 INFO 4060 [Timer] D:\code\study\egg\node_modules\egg-logrotator\app\schedule\rotate_by_file.js next time will execute after 44680906ms at 2020-09-05 00:00:01.001
2020-09-04 11:35:19,652 INFO 18964 [egg-schedule]: register schedule D:\code\study\egg\node_modules\egg-multipart\app\schedule\clean_tmpdir.js
2020-09-04 11:35:19,653 INFO 18964 [egg-schedule]: register schedule D:\code\study\egg\node_modules\egg-logrotator\app\schedule\clean_log.js
2020-09-04 11:35:19,653 INFO 18964 [egg-schedule]: register schedule D:\code\study\egg\node_modules\egg-logrotator\app\schedule\rotate_by_file.js
2020-09-04 11:42:12,680 INFO 6196 [Timer] D:\code\study\egg\node_modules\egg-multipart\app\schedule\clean_tmpdir.js next time will execute after 60467323ms at 2020-09-05 04:30:00.003
2020-09-04 11:42:12,680 INFO 6196 [Timer] D:\code\study\egg\node_modules\egg-logrotator\app\schedule\clean_log.js next time will execute after 44267320ms at 2020-09-05 00:00:00.000
2020-09-04 11:42:12,681 INFO 6196 [Timer] D:\code\study\egg\node_modules\egg-logrotator\app\schedule\rotate_by_file.js next time will execute after 44268319ms at 2020-09-05 00:00:01.000
2020-09-04 11:42:12,325 INFO 17964 [egg-schedule]: register schedule D:\code\study\egg\node_modules\egg-multipart\app\schedule\clean_tmpdir.js
2020-09-04 11:42:12,326 INFO 17964 [egg-schedule]: register schedule D:\code\study\egg\node_modules\egg-logrotator\app\schedule\clean_log.js
2020-09-04 11:42:12,326 INFO 17964 [egg-schedule]: register schedule D:\code\study\egg\node_modules\egg-logrotator\app\schedule\rotate_by_file.js
2020-09-04 11:42:28,079 INFO 21068 [egg-schedule]: register schedule D:\code\study\egg\node_modules\egg-multipart\app\schedule\clean_tmpdir.js
2020-09-04 11:42:28,079 INFO 21068 [egg-schedule]: register schedule D:\code\study\egg\node_modules\egg-logrotator\app\schedule\clean_log.js
2020-09-04 11:42:28,079 INFO 21068 [egg-schedule]: register schedule D:\code\study\egg\node_modules\egg-logrotator\app\schedule\rotate_by_file.js
2020-09-04 11:42:32,212 INFO 20484 [egg-schedule]: register schedule D:\code\study\egg\node_modules\egg-multipart\app\schedule\clean_tmpdir.js
2020-09-04 11:42:32,212 INFO 20484 [egg-schedule]: register schedule D:\code\study\egg\node_modules\egg-logrotator\app\schedule\clean_log.js
2020-09-04 11:42:32,212 INFO 20484 [egg-schedule]: register schedule D:\code\study\egg\node_modules\egg-logrotator\app\schedule\rotate_by_file.js
2020-09-04 11:44:22,945 INFO 21924 [egg-schedule]: register schedule D:\code\study\egg\node_modules\egg-multipart\app\schedule\clean_tmpdir.js
2020-09-04 11:44:22,945 INFO 21924 [egg-schedule]: register schedule D:\code\study\egg\node_modules\egg-logrotator\app\schedule\clean_log.js
2020-09-04 11:44:22,945 INFO 21924 [egg-schedule]: register schedule D:\code\study\egg\node_modules\egg-logrotator\app\schedule\rotate_by_file.js
2020-09-04 11:44:27,001 INFO 7952 [egg-schedule]: register schedule D:\code\study\egg\node_modules\egg-multipart\app\schedule\clean_tmpdir.js
2020-09-04 11:44:27,001 INFO 7952 [egg-schedule]: register schedule D:\code\study\egg\node_modules\egg-logrotator\app\schedule\clean_log.js
2020-09-04 11:44:27,001 INFO 7952 [egg-schedule]: register schedule D:\code\study\egg\node_modules\egg-logrotator\app\schedule\rotate_by_file.js
2020-09-04 13:55:44,116 INFO 22340 [egg-schedule]: register schedule D:\code\study\egg\node_modules\egg-multipart\app\schedule\clean_tmpdir.js
2020-09-04 13:55:44,116 INFO 22340 [egg-schedule]: register schedule D:\code\study\egg\node_modules\egg-logrotator\app\schedule\clean_log.js
2020-09-04 13:55:44,116 INFO 22340 [egg-schedule]: register schedule D:\code\study\egg\node_modules\egg-logrotator\app\schedule\rotate_by_file.js
2020-09-04 13:55:49,371 INFO 19204 [egg-schedule]: register schedule D:\code\study\egg\node_modules\egg-multipart\app\schedule\clean_tmpdir.js
2020-09-04 13:55:49,371 INFO 19204 [egg-schedule]: register schedule D:\code\study\egg\node_modules\egg-logrotator\app\schedule\clean_log.js
2020-09-04 13:55:49,371 INFO 19204 [egg-schedule]: register schedule D:\code\study\egg\node_modules\egg-logrotator\app\schedule\rotate_by_file.js
2020-09-04 13:56:28,181 INFO 18252 [egg-schedule]: register schedule D:\code\study\egg\node_modules\egg-multipart\app\schedule\clean_tmpdir.js
2020-09-04 13:56:28,181 INFO 18252 [egg-schedule]: register schedule D:\code\study\egg\node_modules\egg-logrotator\app\schedule\clean_log.js
2020-09-04 13:56:28,181 INFO 18252 [egg-schedule]: register schedule D:\code\study\egg\node_modules\egg-logrotator\app\schedule\rotate_by_file.js
2020-09-04 13:57:08,511 INFO 3388 [egg-schedule]: register schedule D:\code\study\egg\node_modules\egg-multipart\app\schedule\clean_tmpdir.js
2020-09-04 13:57:08,511 INFO 3388 [egg-schedule]: register schedule D:\code\study\egg\node_modules\egg-logrotator\app\schedule\clean_log.js
2020-09-04 13:57:08,511 INFO 3388 [egg-schedule]: register schedule D:\code\study\egg\node_modules\egg-logrotator\app\schedule\rotate_by_file.js
2020-09-04 13:57:13,915 INFO 22420 [egg-schedule]: register schedule D:\code\study\egg\node_modules\egg-multipart\app\schedule\clean_tmpdir.js
2020-09-04 13:57:13,915 INFO 22420 [egg-schedule]: register schedule D:\code\study\egg\node_modules\egg-logrotator\app\schedule\clean_log.js
2020-09-04 13:57:13,915 INFO 22420 [egg-schedule]: register schedule D:\code\study\egg\node_modules\egg-logrotator\app\schedule\rotate_by_file.js
2020-09-04 13:57:21,733 INFO 21028 [egg-schedule]: register schedule D:\code\study\egg\node_modules\egg-multipart\app\schedule\clean_tmpdir.js
2020-09-04 13:57:21,733 INFO 21028 [egg-schedule]: register schedule D:\code\study\egg\node_modules\egg-logrotator\app\schedule\clean_log.js
2020-09-04 13:57:21,733 INFO 21028 [egg-schedule]: register schedule D:\code\study\egg\node_modules\egg-logrotator\app\schedule\rotate_by_file.js
2020-09-04 13:58:38,476 INFO 21208 [egg-schedule]: register schedule D:\code\study\egg\node_modules\egg-multipart\app\schedule\clean_tmpdir.js
2020-09-04 13:58:38,476 INFO 21208 [egg-schedule]: register schedule D:\code\study\egg\node_modules\egg-logrotator\app\schedule\clean_log.js
2020-09-04 13:58:38,476 INFO 21208 [egg-schedule]: register schedule D:\code\study\egg\node_modules\egg-logrotator\app\schedule\rotate_by_file.js
2020-09-04 13:58:45,161 INFO 21548 [egg-schedule]: register schedule D:\code\study\egg\node_modules\egg-multipart\app\schedule\clean_tmpdir.js
2020-09-04 13:58:45,161 INFO 21548 [egg-schedule]: register schedule D:\code\study\egg\node_modules\egg-logrotator\app\schedule\clean_log.js
2020-09-04 13:58:45,161 INFO 21548 [egg-schedule]: register schedule D:\code\study\egg\node_modules\egg-logrotator\app\schedule\rotate_by_file.js
2020-09-04 14:06:52,361 INFO 6904 [egg-schedule]: register schedule D:\code\study\egg\node_modules\egg-multipart\app\schedule\clean_tmpdir.js
2020-09-04 14:06:52,361 INFO 6904 [egg-schedule]: register schedule D:\code\study\egg\node_modules\egg-logrotator\app\schedule\clean_log.js
2020-09-04 14:06:52,361 INFO 6904 [egg-schedule]: register schedule D:\code\study\egg\node_modules\egg-logrotator\app\schedule\rotate_by_file.js
2020-09-04 14:07:30,516 INFO 17412 [egg-schedule]: register schedule D:\code\study\egg\node_modules\egg-multipart\app\schedule\clean_tmpdir.js
2020-09-04 14:07:30,516 INFO 17412 [egg-schedule]: register schedule D:\code\study\egg\node_modules\egg-logrotator\app\schedule\clean_log.js
2020-09-04 14:07:30,516 INFO 17412 [egg-schedule]: register schedule D:\code\study\egg\node_modules\egg-logrotator\app\schedule\rotate_by_file.js
2020-09-04 14:07:35,513 INFO 10296 [egg-schedule]: register schedule D:\code\study\egg\node_modules\egg-multipart\app\schedule\clean_tmpdir.js
2020-09-04 14:07:35,513 INFO 10296 [egg-schedule]: register schedule D:\code\study\egg\node_modules\egg-logrotator\app\schedule\clean_log.js
2020-09-04 14:07:35,514 INFO 10296 [egg-schedule]: register schedule D:\code\study\egg\node_modules\egg-logrotator\app\schedule\rotate_by_file.js
2020-09-04 14:07:52,717 INFO 18980 [egg-schedule]: register schedule D:\code\study\egg\node_modules\egg-multipart\app\schedule\clean_tmpdir.js
2020-09-04 14:07:52,717 INFO 18980 [egg-schedule]: register schedule D:\code\study\egg\node_modules\egg-logrotator\app\schedule\clean_log.js
2020-09-04 14:07:52,717 INFO 18980 [egg-schedule]: register schedule D:\code\study\egg\node_modules\egg-logrotator\app\schedule\rotate_by_file.js
2020-09-04 14:08:10,312 INFO 7968 [egg-schedule]: register schedule D:\code\study\egg\node_modules\egg-multipart\app\schedule\clean_tmpdir.js
2020-09-04 14:08:10,312 INFO 7968 [egg-schedule]: register schedule D:\code\study\egg\node_modules\egg-logrotator\app\schedule\clean_log.js
2020-09-04 14:08:10,312 INFO 7968 [egg-schedule]: register schedule D:\code\study\egg\node_modules\egg-logrotator\app\schedule\rotate_by_file.js
2020-09-04 14:11:00,573 INFO 21592 [egg-schedule]: register schedule D:\code\study\egg\node_modules\egg-multipart\app\schedule\clean_tmpdir.js
2020-09-04 14:11:00,573 INFO 21592 [egg-schedule]: register schedule D:\code\study\egg\node_modules\egg-logrotator\app\schedule\clean_log.js
2020-09-04 14:11:00,573 INFO 21592 [egg-schedule]: register schedule D:\code\study\egg\node_modules\egg-logrotator\app\schedule\rotate_by_file.js
2020-09-04 14:11:11,903 INFO 21108 [egg-schedule]: register schedule D:\code\study\egg\node_modules\egg-multipart\app\schedule\clean_tmpdir.js
2020-09-04 14:11:11,903 INFO 21108 [egg-schedule]: register schedule D:\code\study\egg\node_modules\egg-logrotator\app\schedule\clean_log.js
2020-09-04 14:11:11,903 INFO 21108 [egg-schedule]: register schedule D:\code\study\egg\node_modules\egg-logrotator\app\schedule\rotate_by_file.js
2020-09-04 14:11:50,930 INFO 19764 [egg-schedule]: register schedule D:\code\study\egg\node_modules\egg-multipart\app\schedule\clean_tmpdir.js
2020-09-04 14:11:50,930 INFO 19764 [egg-schedule]: register schedule D:\code\study\egg\node_modules\egg-logrotator\app\schedule\clean_log.js
2020-09-04 14:11:50,931 INFO 19764 [egg-schedule]: register schedule D:\code\study\egg\node_modules\egg-logrotator\app\schedule\rotate_by_file.js
2020-09-04 14:11:57,293 INFO 1880 [egg-schedule]: register schedule D:\code\study\egg\node_modules\egg-multipart\app\schedule\clean_tmpdir.js
2020-09-04 14:11:57,293 INFO 1880 [egg-schedule]: register schedule D:\code\study\egg\node_modules\egg-logrotator\app\schedule\clean_log.js
2020-09-04 14:11:57,293 INFO 1880 [egg-schedule]: register schedule D:\code\study\egg\node_modules\egg-logrotator\app\schedule\rotate_by_file.js
2020-09-04 14:12:02,509 INFO 21468 [egg-schedule]: register schedule D:\code\study\egg\node_modules\egg-multipart\app\schedule\clean_tmpdir.js
2020-09-04 14:12:02,510 INFO 21468 [egg-schedule]: register schedule D:\code\study\egg\node_modules\egg-logrotator\app\schedule\clean_log.js
2020-09-04 14:12:02,510 INFO 21468 [egg-schedule]: register schedule D:\code\study\egg\node_modules\egg-logrotator\app\schedule\rotate_by_file.js
2020-09-04 14:12:58,577 INFO 18864 [egg-schedule]: register schedule D:\code\study\egg\node_modules\egg-multipart\app\schedule\clean_tmpdir.js
2020-09-04 14:12:58,577 INFO 18864 [egg-schedule]: register schedule D:\code\study\egg\node_modules\egg-logrotator\app\schedule\clean_log.js
2020-09-04 14:12:58,577 INFO 18864 [egg-schedule]: register schedule D:\code\study\egg\node_modules\egg-logrotator\app\schedule\rotate_by_file.js
